Namespace(batch=64, clip=0.25, data='../NER/split', dataset='ner', dp=0.5, embed=300, embed_cn=None, embed_en=None, epoch=20, finetune=False, gpu_id=0, hidden=512, lm_path='models/best_hd_1024_full.pt', log_dir='log', lr=0.0001, maxlen=30, mm=0.9, mode='train', model='lstm', model_path='models/best.pt', models_dir='models', ngram=1, nworkers=12, optim='adam', qg=False, submission_csv=' data/submission.csv', subset=1.0)
Loading ner dataset...
############################################################
Training samples: 4040
Dev samples:      1008
Vocabulary size:  2394
Training CHN token amount: 224870
Training ENG token amount: 8149
Dev CHN token amount 79516
Dev ENG token amount 2021
############################################################
Building model...
--finished 500 sentences (sentence/sec=25.87)
--finished 1000 sentences (sentence/sec=26.44)
--finished 1500 sentences (sentence/sec=26.66)
--finished 2000 sentences (sentence/sec=26.67)
--finished 2500 sentences (sentence/sec=26.65)
--finished 3000 sentences (sentence/sec=26.63)
--finished 3500 sentences (sentence/sec=26.68)
--finished 4000 sentences (sentence/sec=26.68)
Epoch 0: train loss/word=0.0884, ppl=1.0925 (word/sec=1485.91)
Epoch 0: dev loss/word=0.0692, ppl=1.0716 (word/sec=2693.12)
障 萬 你 接 的 個 各 件 它 著 怎 麼 展 路 大 概 七 就 因 簡 快 速 應 聊 不 就 是 不 同 眾
誌 週 考 收 聽 一 名 的 我 受 自 初 瞭 似 差 下 個 不 一 個 的 管 是 讓 社 然 然 您 中 去
算 這 樣 子 構 專 有 他 們 這 個 模 語 錢 在 識 個 老 是 棒 是 說 這 個 機 想 要 力 風 良
獎 不 萬 是 去 跟 以 及
文 拉 服 務 內 戰 標 然 後 斥 造 看 工 作 然 後 主 會 是 靈 勵 後 的 之 後 瞭 解 直 得 好
--finished 500 sentences (sentence/sec=25.29)
--finished 1000 sentences (sentence/sec=26.63)
--finished 1500 sentences (sentence/sec=26.87)
--finished 2000 sentences (sentence/sec=26.74)
--finished 2500 sentences (sentence/sec=26.95)
--finished 3000 sentences (sentence/sec=26.71)
--finished 3500 sentences (sentence/sec=26.74)
--finished 4000 sentences (sentence/sec=26.78)
Epoch 1: train loss/word=0.0747, ppl=1.0775 (word/sec=1491.20)
Epoch 1: dev loss/word=0.0684, ppl=1.0708 (word/sec=2688.22)
裡 給 挑 花 宜 有 由 有 正 想 區 事 實 上 怎 麼 麼 樣 你 相 當 純 的 兒 會 我 了 眼 料 著
的 四 東 西 問 費 題 之 陳 的 是 老 師 被 移 上 宜 從 明 重 要 化 庭 至 服 務 多 大 位 可
和 帶 社 之 後 時 造 事 公 來 也 是 呃 位 社 裡 置 進 入 完 全 所 以 了 很 豐 手 神 新 這
跟 但 是 每 它 會 拿 到 住 手 設 計 思 考 系 列 其 假 如 何 用 收 聽 入 陳 獎 的 目 標 現
奇 那 是 有 一 些 人 構 同 的
--finished 500 sentences (sentence/sec=25.76)
--finished 1000 sentences (sentence/sec=26.11)
--finished 1500 sentences (sentence/sec=26.42)
--finished 2000 sentences (sentence/sec=26.68)
--finished 2500 sentences (sentence/sec=26.67)
--finished 3000 sentences (sentence/sec=26.69)
--finished 3500 sentences (sentence/sec=26.71)
--finished 4000 sentences (sentence/sec=26.77)
Epoch 2: train loss/word=0.0695, ppl=1.0719 (word/sec=1489.02)
Epoch 2: dev loss/word=0.0659, ppl=1.0681 (word/sec=2687.19)
播 下 的 討 方 面 成 演 因 為 學 校 低 面 花 又 不 好 用 所 以 真 正 你 預 幫 東 的 也 是
到 貌 導 爾 要 的 物 件 的 你 們 最 視 障 世 界 東 西 但 是 它 在 前 常 學 喜 歡 取 五 十
七 複 八 長 的 概 念 跟 各 取 討 了 用 太 一 供 藏 模 為 國 隨 轉 完 字 花 別 專 本 錯 出
美 的 設 計 上 面 從 內 能 觀 告 轉 化 那 個 明 階 大 量 沒 特 不 貌 出 你 操 實 點 要 去
考 稍 安 群 的 審 是 日 本
--finished 500 sentences (sentence/sec=26.67)
--finished 1000 sentences (sentence/sec=26.19)
--finished 1500 sentences (sentence/sec=26.58)
--finished 2000 sentences (sentence/sec=26.77)
--finished 2500 sentences (sentence/sec=26.80)
--finished 3000 sentences (sentence/sec=26.80)
--finished 3500 sentences (sentence/sec=26.63)
--finished 4000 sentences (sentence/sec=26.64)
Epoch 3: train loss/word=0.0659, ppl=1.0681 (word/sec=1484.89)
Epoch 3: dev loss/word=0.0666, ppl=1.0689 (word/sec=2709.92)
來 和 之 這 錢 樣 去 瞭 解 的 大 聽 理 賽 目 能 夠 高 動 做 夠 客 邊 確 導 戲 化 對 不 就
還 久 得 專 調 味 罐 自 己 投 入 非 常 多 對 那 天 的 中 念 的 人
那 廣 一 堂 這 正 課 再 於 哪 創 提 出
子 以 打 單
動 絕 學 四 民 板 出 會 是 設 計 教 師 比 合 有 心 科 師 有 得 獎 人 有 拿 出 真 重 要 壓
--finished 500 sentences (sentence/sec=26.22)
--finished 1000 sentences (sentence/sec=26.38)
--finished 1500 sentences (sentence/sec=26.78)
--finished 2000 sentences (sentence/sec=26.69)
--finished 2500 sentences (sentence/sec=26.88)
--finished 3000 sentences (sentence/sec=26.71)
--finished 3500 sentences (sentence/sec=26.81)
--finished 4000 sentences (sentence/sec=26.73)
Epoch 4: train loss/word=0.0631, ppl=1.0651 (word/sec=1488.84)
Epoch 4: dev loss/word=0.0666, ppl=1.0688 (word/sec=2712.46)
的 的 裡 面 業 界 告 統 可 能 是 椅 子 又 少 有 辦 公 啊 的 部 分 呢 哦 會 有 發 現 這 點
變 的 從 外 回 到 創 設 市 集 集
開 設 計 美
的 語 五 老 年 齡 屬 掉 看 他 們 做 了 品 架 健 聽
合 觀 成 為 很 多 很 有 聽 創 辦 人 許 是 去 究 拍 做 的 模 的 人 技 產 品 操 作 的 恩 個
--finished 500 sentences (sentence/sec=25.73)
--finished 1000 sentences (sentence/sec=26.73)
--finished 1500 sentences (sentence/sec=26.93)
--finished 2000 sentences (sentence/sec=26.85)
--finished 2500 sentences (sentence/sec=26.82)
--finished 3000 sentences (sentence/sec=26.85)
--finished 3500 sentences (sentence/sec=26.69)
--finished 4000 sentences (sentence/sec=26.68)
Epoch 5: train loss/word=0.0606, ppl=1.0625 (word/sec=1484.24)
Epoch 5: dev loss/word=0.0683, ppl=1.0707 (word/sec=2704.10)
落 與 到 現 在 主 代 了 那 個 袋 該 提 到 五 幾 曾 價 值 我 就 變 是 比 較 超 細 到 看 他
的 美 消 唐 企 劃 下 我 頭 想 半 注 我 下 文 模 字 一 變 化 很 有 效 果 我 們 要 先 得 這
談 溝 八 通 但 是 怎 麼 樣 具 體 他 能 夠 邀 請 到 到 泓 稍 微 有 哪 一 塊 的 了 香 朋 友
甚 畫 我 覺 能 夠 上 了 與 編 車 都 太 會 放 重 新 去 把 挖 集 離 開 然 介 面 上 面 或 就
詢 同 的 事 務 呢 你 自 己 其 實 實 限 那 店 我 不 很 集 編 比 較 多 是 不 下 能 友 他 有
--finished 500 sentences (sentence/sec=26.34)
--finished 1000 sentences (sentence/sec=26.29)
--finished 1500 sentences (sentence/sec=26.34)
--finished 2000 sentences (sentence/sec=26.30)
--finished 2500 sentences (sentence/sec=26.49)
--finished 3000 sentences (sentence/sec=26.55)
--finished 3500 sentences (sentence/sec=26.60)
--finished 4000 sentences (sentence/sec=26.55)
Epoch 6: train loss/word=0.0584, ppl=1.0601 (word/sec=1478.21)
Epoch 6: dev loss/word=0.0703, ppl=1.0728 (word/sec=2704.48)
好 院 身 下 價 錢 然 後 每 要 世 界 之 類 海 藏 電 放 可 以 以 小 要 公 讓 大 透 過 提 充
輔 透 你 我 走 人 聽 的 跟 法 國 中 心 了 解 決 作 筆 檔 案 呀 多 你 想 象 就 與 我 們 的
決 請 到 這 邊 的 成 本 身 就 是 呃 沒 有 時 候
困 會 歡 迎 繼 不 四 工 作 進 你 獎 上 課 了 保 了 證 甚 至 有 一 個 同 經 濟 中 心 就 是
分 動 完 成 會 文 這 個 東 西 放 客 來 看 起 來 上 課 段 下 走
--finished 500 sentences (sentence/sec=26.13)
--finished 1000 sentences (sentence/sec=26.91)
--finished 1500 sentences (sentence/sec=26.70)
--finished 2000 sentences (sentence/sec=26.95)
--finished 2500 sentences (sentence/sec=26.89)
--finished 3000 sentences (sentence/sec=26.80)
--finished 3500 sentences (sentence/sec=26.85)
--finished 4000 sentences (sentence/sec=26.72)
Epoch 7: train loss/word=0.0563, ppl=1.0579 (word/sec=1488.65)
Epoch 7: dev loss/word=0.0684, ppl=1.0708 (word/sec=2687.82)
美 呢 嚴 成 一 段 時 間 點 離 你 限 斯 文 創 造 作 為 世 界 大 聯 過
傳 高 到 國 四 椅 子 掉 它 手 了
左 誌 的 一 些 思 造 型 成 現 在 非 常 你 有 你 一 個 問 題 跟 萬 實 越 深 的 是 一 些 比
受 做 著 不 好 的 作 品 要 寄 把 他 們 的 語 粉 去 把 摸 呃 鹽 且 置 做 了 的 這 題 的 解
中 左 您 就 四 五 了 他 就 也 丟 出 上 覺 前 提 彈 住 在 台 灣 灣
--finished 500 sentences (sentence/sec=25.66)
--finished 1000 sentences (sentence/sec=26.11)
--finished 1500 sentences (sentence/sec=26.35)
--finished 2000 sentences (sentence/sec=26.40)
--finished 2500 sentences (sentence/sec=26.58)
--finished 3000 sentences (sentence/sec=26.69)
--finished 3500 sentences (sentence/sec=26.64)
--finished 4000 sentences (sentence/sec=26.64)
Epoch 8: train loss/word=0.0542, ppl=1.0557 (word/sec=1484.24)
Epoch 8: dev loss/word=0.0714, ppl=1.0740 (word/sec=2689.01)
水 得 成 其 實 氣 然 自 己 現 在 的 認 知 道 所 以 這 些 東 他 清 楚 像 注 意 長 一 九 五
一 工 藝 之 團 裡 面 萬 一 件 對 於 經 驗 了 一 個 一 科 技 門 念 書 但 是 形 容 詞 不 因

與 因 光 六 百 七 十 種 林 廷 宜 大 三 十 四 工 作 設 計 師 生 的 過 程 程 而 滿 著 導 演
國 泓 和 技 術 譬 如 說 我 們 會 很 麻 煩 就 你 給 很 多 可 能 跟 沒 學 過 程 定 但 但 是
--finished 500 sentences (sentence/sec=26.11)
--finished 1000 sentences (sentence/sec=26.40)
--finished 1500 sentences (sentence/sec=26.40)
--finished 2000 sentences (sentence/sec=26.56)
--finished 2500 sentences (sentence/sec=26.52)
--finished 3000 sentences (sentence/sec=26.71)
--finished 3500 sentences (sentence/sec=26.73)
--finished 4000 sentences (sentence/sec=26.75)
Epoch 9: train loss/word=0.0522, ppl=1.0536 (word/sec=1489.99)
Epoch 9: dev loss/word=0.0719, ppl=1.0745 (word/sec=2726.98)
善 並 您 做 簡 美 或 是 找 長 輩 的 視 障 障 自 己 正 重 的 四 個 情 獎 這 件 事 事 寫 以
式 價 可 以 來 看 的 一 個 有 關 係 性 今 天 間 南 進 的 測 試 呢 其 實 我 們 花 不 小 要
你 那 點 我 覺 得 設 熟 這 本 錢 在 我 們 同 首 帶 給 來 一 舊 調 時 刻 就 是 在 提 供 出
企 錢 得 完 著 可 以 簡 短 的 這 個 造 型 型 成 一 些 材 質 越 來 越 高 設 計 或 合 作 作
更 到 向 地 想 要 下 子 是 跟 日 本 分 別 期 速 心 他 不 是 需 走 那 有 時 候 你 講 聶 兵
--finished 500 sentences (sentence/sec=25.80)
--finished 1000 sentences (sentence/sec=26.46)
--finished 1500 sentences (sentence/sec=26.56)
--finished 2000 sentences (sentence/sec=26.55)
--finished 2500 sentences (sentence/sec=26.51)
--finished 3000 sentences (sentence/sec=26.63)
--finished 3500 sentences (sentence/sec=26.66)
--finished 4000 sentences (sentence/sec=26.58)
Epoch 10: train loss/word=0.0502, ppl=1.0515 (word/sec=1479.30)
Epoch 10: dev loss/word=0.0725, ppl=1.0752 (word/sec=2703.50)
結 每 升 年 自 左 右 失 敗 下 一 個 作 品
成 來 說 當 你 要 了 錢 之 後 後 我 持 遇 拍 去 擁 也 其 實 有 時 候 光 愛 預 長 是 後 來
的 銷 找 紙 我 們 地 另 們 一 件 事 就 是 慢 慢 了 和 走 根 然 後 我 覺 得 我 一 起 面 對
什 的 先 到 熟 掉
水 中 二 零 零 的 時 候 當 老 板 類 型 的 因 為 子 有 自 然 他 們 設 計 者 這 些 工 業 設
--finished 500 sentences (sentence/sec=26.04)
--finished 1000 sentences (sentence/sec=26.50)
--finished 1500 sentences (sentence/sec=26.31)
--finished 2000 sentences (sentence/sec=26.33)
--finished 2500 sentences (sentence/sec=26.40)
--finished 3000 sentences (sentence/sec=26.38)
--finished 3500 sentences (sentence/sec=26.59)
--finished 4000 sentences (sentence/sec=26.65)
Epoch 11: train loss/word=0.0483, ppl=1.0494 (word/sec=1484.28)
Epoch 11: dev loss/word=0.0740, ppl=1.0769 (word/sec=2717.51)
約 先 到 最 簡 發 成 功 裡 面 情 緒 況 二 零 一 波 那 六 年 的 你 推 房 推 廣 行 幾 百 萬
二 後 轉 成 為 什 麼 樣 子 還 有 個 小 學 唐 室 老 老 師 而 言 在 自 家
成 可 以 當 時 也 好 做 跑 回 用 就
挑 為 全 世 界 基 長 文 工 作 時 候 他 就 開 始 始 通 學 修 改 有 那 哎 這 個 表 現 恩 看
大 長 時 間 是 對 於 適 客 比 較 好
--finished 500 sentences (sentence/sec=25.83)
--finished 1000 sentences (sentence/sec=26.38)
--finished 1500 sentences (sentence/sec=26.48)
--finished 2000 sentences (sentence/sec=26.52)
--finished 2500 sentences (sentence/sec=26.49)
--finished 3000 sentences (sentence/sec=26.49)
--finished 3500 sentences (sentence/sec=26.63)
--finished 4000 sentences (sentence/sec=26.62)
Epoch 12: train loss/word=0.0463, ppl=1.0474 (word/sec=1483.09)
Epoch 12: dev loss/word=0.0763, ppl=1.0793 (word/sec=2733.82)
從 後 到 台 灣 到 工 外 留 白 四 丹 轉 成 熟 悉 的 某 一 個 角 據 完 對 那 這 個 部 分 個
我 好 我 佩 雯 除 減 年 我 討 論 長 沒 有 收 到 下 一 段 時 間 兩 他 尋 找 找 一 些 呢 端
所 熱 的 話 不 從 再 十 個 十 年 經 相 當 的 大 也 就 是
期 二 的 時 繼 要 續 大 遊 全 部 分 鐘 很 多 人 都 會 蠻 遇 到 現 在 二 十 八 三 年 階 段
然 善 忽 節 目 目 前 為 止 謝 片 老 工 作 是 差 對 這 桌
--finished 500 sentences (sentence/sec=25.34)
--finished 1000 sentences (sentence/sec=25.40)
--finished 1500 sentences (sentence/sec=26.07)
--finished 2000 sentences (sentence/sec=26.39)
--finished 2500 sentences (sentence/sec=26.51)
--finished 3000 sentences (sentence/sec=26.51)
--finished 3500 sentences (sentence/sec=26.53)
--finished 4000 sentences (sentence/sec=26.53)
Epoch 13: train loss/word=0.0444, ppl=1.0455 (word/sec=1476.53)
Epoch 13: dev loss/word=0.0771, ppl=1.0802 (word/sec=2689.27)
間 長 畢 還 畢 竟 沒 有 想 到 嗎
板 後 他 可 以 專 門 推 一 從 無 法 意 識 個 時 空 間 比 型 會 選 確 交 差 運 作 在 變 成
大 電 聲 所 音 校 園 嚴 格 蘭 念 的 功 那 這 個 才 校 長 這 特 事 結 組 文 化 中 這 種 件
裝 美 切 四 個 桌 邊 離 無 比 較 屬 電 話 平 台 也 越 當 下 我 們 會 重 視 吧
此 島 著 過 程 藥 感 而 設 計 易 使 用 最 小 差 的 自 感 所 以 因 都 真 受 靜 比 阿 題 就
--finished 500 sentences (sentence/sec=26.81)
--finished 1000 sentences (sentence/sec=26.37)
--finished 1500 sentences (sentence/sec=26.65)
--finished 2000 sentences (sentence/sec=26.53)
--finished 2500 sentences (sentence/sec=26.47)
--finished 3000 sentences (sentence/sec=26.54)
--finished 3500 sentences (sentence/sec=26.53)
--finished 4000 sentences (sentence/sec=26.55)
Epoch 14: train loss/word=0.0426, ppl=1.0435 (word/sec=1477.57)
Epoch 14: dev loss/word=0.0791, ppl=1.0823 (word/sec=2718.11)
落 口 出 失 華 呃 手 工 錄 工 設 計 師 賣 的 四 個 其 文 名 字
本 此 寄 他 送 甄 給 灣 大 周 國 樂 和 歌 的 轉 型 設 價 這 是 那 麼 大 這 個 網 段 兩 製
回 給 念 書 系 列 的 話 也 是 一 個 家 機 會 手 法 類 掉 的 的 事 情 包 含 我 只 感 包 裝
的 甚 至 唐 學 習 教 授 今 天 天 南 華 人 設 高 中 的 社 會 的 方 式 他 們 有 很 多 的 設
間 給 呈 現 衣 工 回 回 歸 成 文 創 設 計 還 不 錯 所 以 就 會 又 會 自 己 感 喔 身 這 那
--finished 500 sentences (sentence/sec=26.65)
--finished 1000 sentences (sentence/sec=26.74)
--finished 1500 sentences (sentence/sec=26.25)
--finished 2000 sentences (sentence/sec=26.28)
--finished 2500 sentences (sentence/sec=26.47)
--finished 3000 sentences (sentence/sec=26.61)
--finished 3500 sentences (sentence/sec=26.55)
--finished 4000 sentences (sentence/sec=26.44)
Epoch 15: train loss/word=0.0408, ppl=1.0416 (word/sec=1471.91)
Epoch 15: dev loss/word=0.0824, ppl=1.0858 (word/sec=2688.32)
史 機 醫 啊 或 是 說 覺 得 這 種 疊 代 是 結 合 了 那 不 美 而 但 是 事 實 上 如 果 一 直
紀 學 啊 你 認 為 是 一 點 性 的 設 任 也 是 你 你 是 呃 像 我 販 這 醫 吧
另 然 將 不 席 木 企 電 影 像 被 在 一 部 鬆 的 新 即 材 質 的 標 示 碼 前 二 點 零 的 經
中 月 十 量 產 生 了 三 個 個 土 設 這 個 成 長 元 素 來 分 享 研 風 化
而 改 一 半 八 九 點 以 恩 亨 斯 所 以 語 言 不 根 成 一 些 筆 套 預 期 度 的 很 重 要
--finished 500 sentences (sentence/sec=26.21)
--finished 1000 sentences (sentence/sec=26.22)
--finished 1500 sentences (sentence/sec=26.55)
--finished 2000 sentences (sentence/sec=26.62)
--finished 2500 sentences (sentence/sec=26.61)
--finished 3000 sentences (sentence/sec=26.54)
--finished 3500 sentences (sentence/sec=26.49)
--finished 4000 sentences (sentence/sec=26.49)
Epoch 16: train loss/word=0.0390, ppl=1.0398 (word/sec=1475.02)
Epoch 16: dev loss/word=0.0852, ppl=1.0890 (word/sec=2688.21)
公 中 七 點 八 長 嗯 掉 關 係 讓 老 師 長 全 卡 到 商 品 網 站 轉 的 角 度 當 初 日 本 本
期 的 時 邀 請 到 見 山 住 民 外 他 也 許 涉 消 在 整
除 了 台 北 灣 有 技 術 不 斷 的 在 改 善 其 實 實 那 樣 子 之 前 您 小 科 留 裡 面 應 給
升 的 聽 繼 之 後 年 剛 兵 先 電 離 消 費 二 錢 著 完 成 工 具 造 型 成 一 個 脈 絡 可 能
到 你 歡 部 分 有 一 些 生 人 讓 資 訊 比 較 深 入 開 工 程 背 裡 是 院 如 說 假 設 計 妳
--finished 500 sentences (sentence/sec=25.90)
--finished 1000 sentences (sentence/sec=26.08)
--finished 1500 sentences (sentence/sec=26.50)
--finished 2000 sentences (sentence/sec=26.46)
--finished 2500 sentences (sentence/sec=26.50)
--finished 3000 sentences (sentence/sec=26.78)
--finished 3500 sentences (sentence/sec=26.64)
--finished 4000 sentences (sentence/sec=26.67)
Epoch 17: train loss/word=0.0373, ppl=1.0380 (word/sec=1483.99)
Epoch 17: dev loss/word=0.0898, ppl=1.0940 (word/sec=2712.25)
這 家 嗯 哼 當 初 小 拖 到 三 十 八 年 的 空 間
升 的 其 來 他 就 是 說 了 那 這 樣 年 輕 做 之 鼓 很 住 照 片 錄 工 作 製 作 完 之 之 就
後
整 到 華 創 文 化 的 部 分 與 產 品 系 統 統 應 該 為 多 兩 位 用 戶 體 驗 測 試 的 結 果
讓 你 他 們 的 學 習 慣 和
--finished 500 sentences (sentence/sec=26.20)
--finished 1000 sentences (sentence/sec=26.53)
--finished 1500 sentences (sentence/sec=26.46)
--finished 2000 sentences (sentence/sec=26.62)
--finished 2500 sentences (sentence/sec=26.61)
--finished 3000 sentences (sentence/sec=26.60)
--finished 3500 sentences (sentence/sec=26.54)
--finished 4000 sentences (sentence/sec=26.53)
Epoch 18: train loss/word=0.0356, ppl=1.0363 (word/sec=1476.74)
Epoch 18: dev loss/word=0.0903, ppl=1.0945 (word/sec=2680.95)
領 我 們 兩 個 到 時 間 離 很 跑 那 這 個 明 式 也 那 如 果 說 整 個 你 的 自 己 的 眼 光
還 整 場 要 先 得 這 些 資 料 可 能 是 可 以 拿 有 四 五 的 的 飲 食 環 境 不 下 太 容 易
二 進 無 論 文 化 商 品 來 語 又 簡 單 而 等 住 等 甚 還 是 有 刻 板 凳 在 產 品 上 面 發
到 我 在 等 那 個 升 陣 寫 三 控 其 實 我 想 這 這 個 作 品 牌 這 那 我 要 調 幾 就 是 以
比 的 推 那 主 要 稍 微 轉 和 提 回 出 回 獨 等 謝 謝 官 佩 萱 萱 對 文 化 商 產 品 類 似
--finished 500 sentences (sentence/sec=26.34)
--finished 1000 sentences (sentence/sec=26.23)
--finished 1500 sentences (sentence/sec=26.32)
--finished 2000 sentences (sentence/sec=26.58)
--finished 2500 sentences (sentence/sec=26.66)
--finished 3000 sentences (sentence/sec=26.65)
--finished 3500 sentences (sentence/sec=26.63)
--finished 4000 sentences (sentence/sec=26.58)
Epoch 19: train loss/word=0.0340, ppl=1.0346 (word/sec=1479.93)
Epoch 19: dev loss/word=0.0948, ppl=1.0994 (word/sec=2704.52)
二 那 四 個 月 名 叫 做 設 計 除 了 就 是 攝 影 新 的 話 多 眼 光 他 公 司 司 工 作 帶 一
一 生 活 生 到 一 個 在 大 學 到 想 似 大 概 會 點 三 處 理 我 許 多 年 輕 老 跟 一 些 東
執 單 就 有 一 個 資 念 書 跟 電 台 和 台 灣 科 技 大 大 學 論 台 灣 灣 目 前 那 樣 子 的
呢 很 片 成 利 地 產 業 設 加 而 跟 文 化 商 品 基 本 上 來 講 基 本 的 功 能 那 這 些 就
覺 聽 有 一 個 時 蓋 下 一 個 案 聲 之 咖 啡 做 前 之 玻 二 璃 到 十 萬 二 銷 售 市 在 和
