Namespace(batch=64, clip=0.25, data='../SEAME/data', dataset='seame', dp=0.5, embed=300, embed_cn=None, embed_en=None, epoch=20, finetune=False, gpu_id=0, hidden=512, lm_path='models/best_hd_1024_full.pt', log_dir='log', lr=0.0001, maxlen=30, mm=0.9, mode='train', model='lstm', model_path='models/best.pt', models_dir='models', ngram=1, nworkers=12, optim='adam', qg=False, submission_csv=' data/submission.csv', subset=1.0)
Loading seame dataset...
############################################################
Training samples: 129396
Dev samples:      32347
Vocabulary size:  18771
Training CHN token amount: 1192030
Training ENG token amount: 866907
Dev CHN token amount 430079
Dev ENG token amount 174449
############################################################
Building model...
--finished 500 sentences (sentence/sec=62.69)
--finished 1000 sentences (sentence/sec=65.18)
--finished 1500 sentences (sentence/sec=66.76)
--finished 2000 sentences (sentence/sec=66.56)
--finished 2500 sentences (sentence/sec=66.30)
--finished 3000 sentences (sentence/sec=66.32)
--finished 3500 sentences (sentence/sec=66.29)
--finished 4000 sentences (sentence/sec=65.72)
--finished 4500 sentences (sentence/sec=65.79)
--finished 5000 sentences (sentence/sec=66.06)
--finished 5500 sentences (sentence/sec=66.21)
--finished 6000 sentences (sentence/sec=66.24)
--finished 6500 sentences (sentence/sec=66.20)
--finished 7000 sentences (sentence/sec=66.32)
--finished 7500 sentences (sentence/sec=66.49)
--finished 8000 sentences (sentence/sec=66.52)
--finished 8500 sentences (sentence/sec=66.54)
--finished 9000 sentences (sentence/sec=66.58)
--finished 9500 sentences (sentence/sec=66.57)
--finished 10000 sentences (sentence/sec=66.50)
--finished 10500 sentences (sentence/sec=66.37)
--finished 11000 sentences (sentence/sec=66.33)
--finished 11500 sentences (sentence/sec=66.24)
--finished 12000 sentences (sentence/sec=66.18)
--finished 12500 sentences (sentence/sec=66.20)
--finished 13000 sentences (sentence/sec=66.20)
--finished 13500 sentences (sentence/sec=66.18)
--finished 14000 sentences (sentence/sec=66.12)
--finished 14500 sentences (sentence/sec=66.20)
--finished 15000 sentences (sentence/sec=66.28)
--finished 15500 sentences (sentence/sec=66.30)
--finished 16000 sentences (sentence/sec=66.33)
--finished 16500 sentences (sentence/sec=66.29)
--finished 17000 sentences (sentence/sec=66.28)
--finished 17500 sentences (sentence/sec=66.34)
--finished 18000 sentences (sentence/sec=66.31)
--finished 18500 sentences (sentence/sec=66.33)
--finished 19000 sentences (sentence/sec=66.30)
--finished 19500 sentences (sentence/sec=66.29)
--finished 20000 sentences (sentence/sec=66.29)
--finished 20500 sentences (sentence/sec=66.30)
--finished 21000 sentences (sentence/sec=66.26)
--finished 21500 sentences (sentence/sec=66.23)
--finished 22000 sentences (sentence/sec=66.16)
--finished 22500 sentences (sentence/sec=66.15)
--finished 23000 sentences (sentence/sec=66.12)
--finished 23500 sentences (sentence/sec=66.15)
--finished 24000 sentences (sentence/sec=66.11)
--finished 24500 sentences (sentence/sec=66.06)
--finished 25000 sentences (sentence/sec=65.99)
--finished 25500 sentences (sentence/sec=66.02)
--finished 26000 sentences (sentence/sec=66.08)
--finished 26500 sentences (sentence/sec=66.10)
--finished 27000 sentences (sentence/sec=66.12)
--finished 27500 sentences (sentence/sec=66.06)
--finished 28000 sentences (sentence/sec=66.08)
--finished 28500 sentences (sentence/sec=66.10)
--finished 29000 sentences (sentence/sec=66.13)
--finished 29500 sentences (sentence/sec=66.15)
--finished 30000 sentences (sentence/sec=66.11)
--finished 30500 sentences (sentence/sec=66.09)
--finished 31000 sentences (sentence/sec=66.07)
--finished 31500 sentences (sentence/sec=66.08)
--finished 32000 sentences (sentence/sec=66.09)
--finished 32500 sentences (sentence/sec=66.10)
--finished 33000 sentences (sentence/sec=66.14)
--finished 33500 sentences (sentence/sec=66.18)
--finished 34000 sentences (sentence/sec=66.16)
--finished 34500 sentences (sentence/sec=66.16)
--finished 35000 sentences (sentence/sec=66.18)
--finished 35500 sentences (sentence/sec=66.22)
--finished 36000 sentences (sentence/sec=66.19)
--finished 36500 sentences (sentence/sec=66.19)
--finished 37000 sentences (sentence/sec=66.19)
--finished 37500 sentences (sentence/sec=66.22)
--finished 38000 sentences (sentence/sec=66.23)
--finished 38500 sentences (sentence/sec=66.21)
--finished 39000 sentences (sentence/sec=66.21)
--finished 39500 sentences (sentence/sec=66.17)
--finished 40000 sentences (sentence/sec=66.20)
--finished 40500 sentences (sentence/sec=66.17)
--finished 41000 sentences (sentence/sec=66.14)
--finished 41500 sentences (sentence/sec=66.15)
--finished 42000 sentences (sentence/sec=66.14)
--finished 42500 sentences (sentence/sec=66.14)
--finished 43000 sentences (sentence/sec=66.15)
--finished 43500 sentences (sentence/sec=66.18)
--finished 44000 sentences (sentence/sec=66.20)
--finished 44500 sentences (sentence/sec=66.21)
--finished 45000 sentences (sentence/sec=66.22)
--finished 45500 sentences (sentence/sec=66.23)
--finished 46000 sentences (sentence/sec=66.22)
--finished 46500 sentences (sentence/sec=66.23)
--finished 47000 sentences (sentence/sec=66.20)
--finished 47500 sentences (sentence/sec=66.13)
--finished 48000 sentences (sentence/sec=66.11)
--finished 48500 sentences (sentence/sec=66.10)
--finished 49000 sentences (sentence/sec=66.08)
--finished 49500 sentences (sentence/sec=66.07)
--finished 50000 sentences (sentence/sec=66.09)
--finished 50500 sentences (sentence/sec=66.09)
--finished 51000 sentences (sentence/sec=66.11)
--finished 51500 sentences (sentence/sec=66.10)
--finished 52000 sentences (sentence/sec=66.10)
--finished 52500 sentences (sentence/sec=66.10)
--finished 53000 sentences (sentence/sec=66.12)
--finished 53500 sentences (sentence/sec=66.12)
--finished 54000 sentences (sentence/sec=66.11)
--finished 54500 sentences (sentence/sec=66.12)
--finished 55000 sentences (sentence/sec=66.12)
--finished 55500 sentences (sentence/sec=66.12)
--finished 56000 sentences (sentence/sec=66.14)
--finished 56500 sentences (sentence/sec=66.15)
--finished 57000 sentences (sentence/sec=66.15)
--finished 57500 sentences (sentence/sec=66.16)
--finished 58000 sentences (sentence/sec=66.15)
--finished 58500 sentences (sentence/sec=66.16)
--finished 59000 sentences (sentence/sec=66.16)
--finished 59500 sentences (sentence/sec=66.18)
--finished 60000 sentences (sentence/sec=66.19)
--finished 60500 sentences (sentence/sec=66.17)
--finished 61000 sentences (sentence/sec=66.15)
--finished 61500 sentences (sentence/sec=66.16)
--finished 62000 sentences (sentence/sec=66.15)
--finished 62500 sentences (sentence/sec=66.15)
--finished 63000 sentences (sentence/sec=66.11)
--finished 63500 sentences (sentence/sec=66.11)
--finished 64000 sentences (sentence/sec=66.10)
--finished 64500 sentences (sentence/sec=66.10)
--finished 65000 sentences (sentence/sec=66.09)
--finished 65500 sentences (sentence/sec=66.07)
--finished 66000 sentences (sentence/sec=66.07)
--finished 66500 sentences (sentence/sec=66.07)
--finished 67000 sentences (sentence/sec=66.08)
--finished 67500 sentences (sentence/sec=66.08)
--finished 68000 sentences (sentence/sec=66.08)
--finished 68500 sentences (sentence/sec=66.09)
--finished 69000 sentences (sentence/sec=66.07)
--finished 69500 sentences (sentence/sec=66.05)
--finished 70000 sentences (sentence/sec=66.05)
--finished 70500 sentences (sentence/sec=66.05)
--finished 71000 sentences (sentence/sec=66.04)
--finished 71500 sentences (sentence/sec=66.05)
--finished 72000 sentences (sentence/sec=66.05)
--finished 72500 sentences (sentence/sec=66.03)
--finished 73000 sentences (sentence/sec=66.02)
--finished 73500 sentences (sentence/sec=66.00)
--finished 74000 sentences (sentence/sec=65.99)
--finished 74500 sentences (sentence/sec=65.99)
--finished 75000 sentences (sentence/sec=66.00)
--finished 75500 sentences (sentence/sec=65.98)
--finished 76000 sentences (sentence/sec=65.99)
--finished 76500 sentences (sentence/sec=65.99)
--finished 77000 sentences (sentence/sec=65.98)
--finished 77500 sentences (sentence/sec=65.97)
--finished 78000 sentences (sentence/sec=65.95)
--finished 78500 sentences (sentence/sec=65.93)
--finished 79000 sentences (sentence/sec=65.94)
--finished 79500 sentences (sentence/sec=65.91)
--finished 80000 sentences (sentence/sec=65.91)
--finished 80500 sentences (sentence/sec=65.91)
--finished 81000 sentences (sentence/sec=65.92)
--finished 81500 sentences (sentence/sec=65.92)
--finished 82000 sentences (sentence/sec=65.93)
--finished 82500 sentences (sentence/sec=65.95)
--finished 83000 sentences (sentence/sec=65.96)
--finished 83500 sentences (sentence/sec=65.96)
--finished 84000 sentences (sentence/sec=65.97)
--finished 84500 sentences (sentence/sec=65.96)
--finished 85000 sentences (sentence/sec=65.97)
--finished 85500 sentences (sentence/sec=65.97)
--finished 86000 sentences (sentence/sec=65.98)
--finished 86500 sentences (sentence/sec=65.98)
--finished 87000 sentences (sentence/sec=65.98)
--finished 87500 sentences (sentence/sec=65.98)
--finished 88000 sentences (sentence/sec=65.98)
--finished 88500 sentences (sentence/sec=65.98)
--finished 89000 sentences (sentence/sec=65.98)
--finished 89500 sentences (sentence/sec=65.97)
--finished 90000 sentences (sentence/sec=65.97)
--finished 90500 sentences (sentence/sec=65.98)
--finished 91000 sentences (sentence/sec=65.99)
--finished 91500 sentences (sentence/sec=65.99)
--finished 92000 sentences (sentence/sec=65.99)
--finished 92500 sentences (sentence/sec=65.99)
--finished 93000 sentences (sentence/sec=65.99)
--finished 93500 sentences (sentence/sec=65.98)
--finished 94000 sentences (sentence/sec=65.98)
--finished 94500 sentences (sentence/sec=65.96)
--finished 95000 sentences (sentence/sec=65.96)
--finished 95500 sentences (sentence/sec=65.97)
--finished 96000 sentences (sentence/sec=65.97)
--finished 96500 sentences (sentence/sec=65.99)
--finished 97000 sentences (sentence/sec=66.00)
--finished 97500 sentences (sentence/sec=66.01)
--finished 98000 sentences (sentence/sec=66.02)
--finished 98500 sentences (sentence/sec=66.02)
--finished 99000 sentences (sentence/sec=66.02)
--finished 99500 sentences (sentence/sec=66.01)
--finished 100000 sentences (sentence/sec=66.01)
--finished 100500 sentences (sentence/sec=66.01)
--finished 101000 sentences (sentence/sec=66.01)
--finished 101500 sentences (sentence/sec=66.02)
--finished 102000 sentences (sentence/sec=66.01)
--finished 102500 sentences (sentence/sec=66.00)
--finished 103000 sentences (sentence/sec=66.00)
--finished 103500 sentences (sentence/sec=66.01)
--finished 104000 sentences (sentence/sec=66.03)
--finished 104500 sentences (sentence/sec=66.02)
--finished 105000 sentences (sentence/sec=66.01)
--finished 105500 sentences (sentence/sec=66.02)
--finished 106000 sentences (sentence/sec=66.03)
--finished 106500 sentences (sentence/sec=66.03)
--finished 107000 sentences (sentence/sec=66.03)
--finished 107500 sentences (sentence/sec=66.01)
--finished 108000 sentences (sentence/sec=66.02)
--finished 108500 sentences (sentence/sec=66.01)
--finished 109000 sentences (sentence/sec=66.01)
--finished 109500 sentences (sentence/sec=66.01)
--finished 110000 sentences (sentence/sec=66.01)
--finished 110500 sentences (sentence/sec=66.02)
--finished 111000 sentences (sentence/sec=65.99)
--finished 111500 sentences (sentence/sec=65.97)
--finished 112000 sentences (sentence/sec=65.96)
--finished 112500 sentences (sentence/sec=65.95)
--finished 113000 sentences (sentence/sec=65.96)
--finished 113500 sentences (sentence/sec=65.95)
--finished 114000 sentences (sentence/sec=65.95)
--finished 114500 sentences (sentence/sec=65.93)
--finished 115000 sentences (sentence/sec=65.93)
--finished 115500 sentences (sentence/sec=65.93)
--finished 116000 sentences (sentence/sec=65.93)
--finished 116500 sentences (sentence/sec=65.93)
--finished 117000 sentences (sentence/sec=65.92)
--finished 117500 sentences (sentence/sec=65.93)
--finished 118000 sentences (sentence/sec=65.94)
--finished 118500 sentences (sentence/sec=65.93)
--finished 119000 sentences (sentence/sec=65.93)
--finished 119500 sentences (sentence/sec=65.93)
--finished 120000 sentences (sentence/sec=65.93)
--finished 120500 sentences (sentence/sec=65.93)
--finished 121000 sentences (sentence/sec=65.93)
--finished 121500 sentences (sentence/sec=65.92)
--finished 122000 sentences (sentence/sec=65.92)
--finished 122500 sentences (sentence/sec=65.93)
--finished 123000 sentences (sentence/sec=65.94)
--finished 123500 sentences (sentence/sec=65.94)
--finished 124000 sentences (sentence/sec=65.94)
--finished 124500 sentences (sentence/sec=65.94)
--finished 125000 sentences (sentence/sec=65.95)
--finished 125500 sentences (sentence/sec=65.95)
--finished 126000 sentences (sentence/sec=65.96)
--finished 126500 sentences (sentence/sec=65.97)
--finished 127000 sentences (sentence/sec=65.97)
--finished 127500 sentences (sentence/sec=65.96)
--finished 128000 sentences (sentence/sec=65.96)
--finished 128500 sentences (sentence/sec=65.96)
--finished 129000 sentences (sentence/sec=65.96)
Epoch 0: train loss/word=0.3690, ppl=1.4462 (word/sec=917.78)
Epoch 0: dev loss/word=0.2831, ppl=1.3273 (word/sec=2506.45)
早 起 like 他 们 没 有 还 知 道 my 我 没 有 没 有 看 到 不 懂 对
就 自 己 就 拿 courts
二 十 十
because 他 他 们 全 部 讲 你 不 很 煮 哦
倒 那 个 课 for 玩 常 你 很 吃 看 那 个 about friend 现 在 因 为
--finished 500 sentences (sentence/sec=61.78)
--finished 1000 sentences (sentence/sec=64.27)
--finished 1500 sentences (sentence/sec=65.04)
--finished 2000 sentences (sentence/sec=65.76)
--finished 2500 sentences (sentence/sec=65.66)
--finished 3000 sentences (sentence/sec=65.92)
--finished 3500 sentences (sentence/sec=66.18)
--finished 4000 sentences (sentence/sec=66.17)
--finished 4500 sentences (sentence/sec=66.39)
--finished 5000 sentences (sentence/sec=66.53)
--finished 5500 sentences (sentence/sec=66.64)
--finished 6000 sentences (sentence/sec=66.63)
--finished 6500 sentences (sentence/sec=66.60)
--finished 7000 sentences (sentence/sec=66.58)
--finished 7500 sentences (sentence/sec=66.58)
--finished 8000 sentences (sentence/sec=66.41)
--finished 8500 sentences (sentence/sec=66.50)
--finished 9000 sentences (sentence/sec=66.44)
--finished 9500 sentences (sentence/sec=66.54)
--finished 10000 sentences (sentence/sec=66.57)
--finished 10500 sentences (sentence/sec=66.59)
--finished 11000 sentences (sentence/sec=66.51)
--finished 11500 sentences (sentence/sec=66.55)
--finished 12000 sentences (sentence/sec=66.56)
--finished 12500 sentences (sentence/sec=66.57)
--finished 13000 sentences (sentence/sec=66.51)
--finished 13500 sentences (sentence/sec=66.39)
--finished 14000 sentences (sentence/sec=66.36)
--finished 14500 sentences (sentence/sec=66.35)
--finished 15000 sentences (sentence/sec=66.31)
--finished 15500 sentences (sentence/sec=66.32)
--finished 16000 sentences (sentence/sec=66.27)
--finished 16500 sentences (sentence/sec=66.22)
--finished 17000 sentences (sentence/sec=66.20)
--finished 17500 sentences (sentence/sec=66.18)
--finished 18000 sentences (sentence/sec=66.16)
--finished 18500 sentences (sentence/sec=66.20)
--finished 19000 sentences (sentence/sec=66.20)
--finished 19500 sentences (sentence/sec=66.21)
--finished 20000 sentences (sentence/sec=66.23)
--finished 20500 sentences (sentence/sec=66.20)
--finished 21000 sentences (sentence/sec=66.22)
--finished 21500 sentences (sentence/sec=66.22)
--finished 22000 sentences (sentence/sec=66.26)
--finished 22500 sentences (sentence/sec=66.24)
--finished 23000 sentences (sentence/sec=66.23)
--finished 23500 sentences (sentence/sec=66.19)
--finished 24000 sentences (sentence/sec=66.25)
--finished 24500 sentences (sentence/sec=66.30)
--finished 25000 sentences (sentence/sec=66.26)
--finished 25500 sentences (sentence/sec=66.27)
--finished 26000 sentences (sentence/sec=66.22)
--finished 26500 sentences (sentence/sec=66.19)
--finished 27000 sentences (sentence/sec=66.21)
--finished 27500 sentences (sentence/sec=66.23)
--finished 28000 sentences (sentence/sec=66.25)
--finished 28500 sentences (sentence/sec=66.24)
--finished 29000 sentences (sentence/sec=66.23)
--finished 29500 sentences (sentence/sec=66.22)
--finished 30000 sentences (sentence/sec=66.24)
--finished 30500 sentences (sentence/sec=66.21)
--finished 31000 sentences (sentence/sec=66.24)
--finished 31500 sentences (sentence/sec=66.25)
--finished 32000 sentences (sentence/sec=66.22)
--finished 32500 sentences (sentence/sec=66.19)
--finished 33000 sentences (sentence/sec=66.19)
--finished 33500 sentences (sentence/sec=66.23)
--finished 34000 sentences (sentence/sec=66.25)
--finished 34500 sentences (sentence/sec=66.23)
--finished 35000 sentences (sentence/sec=66.22)
--finished 35500 sentences (sentence/sec=66.20)
--finished 36000 sentences (sentence/sec=66.20)
--finished 36500 sentences (sentence/sec=66.19)
--finished 37000 sentences (sentence/sec=66.18)
--finished 37500 sentences (sentence/sec=66.17)
--finished 38000 sentences (sentence/sec=66.20)
--finished 38500 sentences (sentence/sec=66.19)
--finished 39000 sentences (sentence/sec=66.17)
--finished 39500 sentences (sentence/sec=66.17)
--finished 40000 sentences (sentence/sec=66.19)
--finished 40500 sentences (sentence/sec=66.21)
--finished 41000 sentences (sentence/sec=66.21)
--finished 41500 sentences (sentence/sec=66.23)
--finished 42000 sentences (sentence/sec=66.22)
--finished 42500 sentences (sentence/sec=66.20)
--finished 43000 sentences (sentence/sec=66.18)
--finished 43500 sentences (sentence/sec=66.17)
--finished 44000 sentences (sentence/sec=66.14)
--finished 44500 sentences (sentence/sec=66.13)
--finished 45000 sentences (sentence/sec=66.15)
--finished 45500 sentences (sentence/sec=66.14)
--finished 46000 sentences (sentence/sec=66.16)
--finished 46500 sentences (sentence/sec=66.17)
--finished 47000 sentences (sentence/sec=66.16)
--finished 47500 sentences (sentence/sec=66.15)
--finished 48000 sentences (sentence/sec=66.15)
--finished 48500 sentences (sentence/sec=66.13)
--finished 49000 sentences (sentence/sec=66.13)
--finished 49500 sentences (sentence/sec=66.13)
--finished 50000 sentences (sentence/sec=66.13)
--finished 50500 sentences (sentence/sec=66.16)
--finished 51000 sentences (sentence/sec=66.14)
--finished 51500 sentences (sentence/sec=66.16)
--finished 52000 sentences (sentence/sec=66.17)
--finished 52500 sentences (sentence/sec=66.16)
--finished 53000 sentences (sentence/sec=66.16)
--finished 53500 sentences (sentence/sec=66.16)
--finished 54000 sentences (sentence/sec=66.15)
--finished 54500 sentences (sentence/sec=66.16)
--finished 55000 sentences (sentence/sec=66.14)
--finished 55500 sentences (sentence/sec=66.12)
--finished 56000 sentences (sentence/sec=66.10)
--finished 56500 sentences (sentence/sec=66.09)
--finished 57000 sentences (sentence/sec=66.07)
--finished 57500 sentences (sentence/sec=66.08)
--finished 58000 sentences (sentence/sec=66.09)
--finished 58500 sentences (sentence/sec=66.07)
--finished 59000 sentences (sentence/sec=66.07)
--finished 59500 sentences (sentence/sec=66.05)
--finished 60000 sentences (sentence/sec=66.04)
--finished 60500 sentences (sentence/sec=66.03)
--finished 61000 sentences (sentence/sec=66.04)
--finished 61500 sentences (sentence/sec=66.04)
--finished 62000 sentences (sentence/sec=66.05)
--finished 62500 sentences (sentence/sec=66.03)
--finished 63000 sentences (sentence/sec=66.04)
--finished 63500 sentences (sentence/sec=66.06)
--finished 64000 sentences (sentence/sec=66.04)
--finished 64500 sentences (sentence/sec=66.05)
--finished 65000 sentences (sentence/sec=66.00)
--finished 65500 sentences (sentence/sec=66.00)
--finished 66000 sentences (sentence/sec=65.98)
--finished 66500 sentences (sentence/sec=65.94)
--finished 67000 sentences (sentence/sec=65.94)
--finished 67500 sentences (sentence/sec=65.95)
--finished 68000 sentences (sentence/sec=65.95)
--finished 68500 sentences (sentence/sec=65.95)
--finished 69000 sentences (sentence/sec=65.97)
--finished 69500 sentences (sentence/sec=65.98)
--finished 70000 sentences (sentence/sec=65.98)
--finished 70500 sentences (sentence/sec=65.98)
--finished 71000 sentences (sentence/sec=65.97)
--finished 71500 sentences (sentence/sec=65.96)
--finished 72000 sentences (sentence/sec=65.98)
--finished 72500 sentences (sentence/sec=65.99)
--finished 73000 sentences (sentence/sec=66.01)
--finished 73500 sentences (sentence/sec=66.00)
--finished 74000 sentences (sentence/sec=65.99)
--finished 74500 sentences (sentence/sec=65.99)
--finished 75000 sentences (sentence/sec=65.99)
--finished 75500 sentences (sentence/sec=66.01)
--finished 76000 sentences (sentence/sec=66.02)
--finished 76500 sentences (sentence/sec=66.02)
--finished 77000 sentences (sentence/sec=66.01)
--finished 77500 sentences (sentence/sec=66.00)
--finished 78000 sentences (sentence/sec=65.99)
--finished 78500 sentences (sentence/sec=65.98)
--finished 79000 sentences (sentence/sec=65.97)
--finished 79500 sentences (sentence/sec=65.97)
--finished 80000 sentences (sentence/sec=65.97)
--finished 80500 sentences (sentence/sec=65.99)
--finished 81000 sentences (sentence/sec=66.00)
--finished 81500 sentences (sentence/sec=66.00)
--finished 82000 sentences (sentence/sec=66.00)
--finished 82500 sentences (sentence/sec=66.00)
--finished 83000 sentences (sentence/sec=66.00)
--finished 83500 sentences (sentence/sec=66.00)
--finished 84000 sentences (sentence/sec=66.01)
--finished 84500 sentences (sentence/sec=66.02)
--finished 85000 sentences (sentence/sec=66.03)
--finished 85500 sentences (sentence/sec=66.04)
--finished 86000 sentences (sentence/sec=66.05)
--finished 86500 sentences (sentence/sec=66.06)
--finished 87000 sentences (sentence/sec=66.06)
--finished 87500 sentences (sentence/sec=66.06)
--finished 88000 sentences (sentence/sec=66.04)
--finished 88500 sentences (sentence/sec=66.04)
--finished 89000 sentences (sentence/sec=66.03)
--finished 89500 sentences (sentence/sec=66.03)
--finished 90000 sentences (sentence/sec=66.05)
--finished 90500 sentences (sentence/sec=66.05)
--finished 91000 sentences (sentence/sec=66.06)
--finished 91500 sentences (sentence/sec=66.07)
--finished 92000 sentences (sentence/sec=66.05)
--finished 92500 sentences (sentence/sec=66.06)
--finished 93000 sentences (sentence/sec=66.05)
--finished 93500 sentences (sentence/sec=66.07)
--finished 94000 sentences (sentence/sec=66.07)
--finished 94500 sentences (sentence/sec=66.07)
--finished 95000 sentences (sentence/sec=66.06)
--finished 95500 sentences (sentence/sec=66.05)
--finished 96000 sentences (sentence/sec=66.06)
--finished 96500 sentences (sentence/sec=66.07)
--finished 97000 sentences (sentence/sec=66.06)
--finished 97500 sentences (sentence/sec=66.07)
--finished 98000 sentences (sentence/sec=66.07)
--finished 98500 sentences (sentence/sec=66.09)
--finished 99000 sentences (sentence/sec=66.07)
--finished 99500 sentences (sentence/sec=66.07)
--finished 100000 sentences (sentence/sec=66.07)
--finished 100500 sentences (sentence/sec=66.07)
--finished 101000 sentences (sentence/sec=66.07)
--finished 101500 sentences (sentence/sec=66.07)
--finished 102000 sentences (sentence/sec=66.06)
--finished 102500 sentences (sentence/sec=66.05)
--finished 103000 sentences (sentence/sec=66.05)
--finished 103500 sentences (sentence/sec=66.04)
--finished 104000 sentences (sentence/sec=66.03)
--finished 104500 sentences (sentence/sec=66.02)
--finished 105000 sentences (sentence/sec=66.02)
--finished 105500 sentences (sentence/sec=66.02)
--finished 106000 sentences (sentence/sec=66.02)
--finished 106500 sentences (sentence/sec=66.03)
--finished 107000 sentences (sentence/sec=66.04)
--finished 107500 sentences (sentence/sec=66.05)
--finished 108000 sentences (sentence/sec=66.04)
--finished 108500 sentences (sentence/sec=66.05)
--finished 109000 sentences (sentence/sec=66.06)
--finished 109500 sentences (sentence/sec=66.06)
--finished 110000 sentences (sentence/sec=66.07)
--finished 110500 sentences (sentence/sec=66.07)
--finished 111000 sentences (sentence/sec=66.07)
--finished 111500 sentences (sentence/sec=66.07)
--finished 112000 sentences (sentence/sec=66.08)
--finished 112500 sentences (sentence/sec=66.07)
--finished 113000 sentences (sentence/sec=66.07)
--finished 113500 sentences (sentence/sec=66.06)
--finished 114000 sentences (sentence/sec=66.05)
--finished 114500 sentences (sentence/sec=66.05)
--finished 115000 sentences (sentence/sec=66.05)
--finished 115500 sentences (sentence/sec=66.06)
--finished 116000 sentences (sentence/sec=66.06)
--finished 116500 sentences (sentence/sec=66.06)
--finished 117000 sentences (sentence/sec=66.06)
--finished 117500 sentences (sentence/sec=66.07)
--finished 118000 sentences (sentence/sec=66.06)
--finished 118500 sentences (sentence/sec=66.07)
--finished 119000 sentences (sentence/sec=66.06)
--finished 119500 sentences (sentence/sec=66.07)
--finished 120000 sentences (sentence/sec=66.07)
--finished 120500 sentences (sentence/sec=66.06)
--finished 121000 sentences (sentence/sec=66.06)
--finished 121500 sentences (sentence/sec=66.06)
--finished 122000 sentences (sentence/sec=66.06)
--finished 122500 sentences (sentence/sec=66.05)
--finished 123000 sentences (sentence/sec=66.05)
--finished 123500 sentences (sentence/sec=66.05)
--finished 124000 sentences (sentence/sec=66.04)
--finished 124500 sentences (sentence/sec=66.04)
--finished 125000 sentences (sentence/sec=66.03)
--finished 125500 sentences (sentence/sec=66.02)
--finished 126000 sentences (sentence/sec=66.03)
--finished 126500 sentences (sentence/sec=66.01)
--finished 127000 sentences (sentence/sec=66.00)
--finished 127500 sentences (sentence/sec=66.01)
--finished 128000 sentences (sentence/sec=66.01)
--finished 128500 sentences (sentence/sec=66.01)
--finished 129000 sentences (sentence/sec=66.01)
Epoch 1: train loss/word=0.3536, ppl=1.4242 (word/sec=918.26)
Epoch 1: dev loss/word=0.2799, ppl=1.3231 (word/sec=2439.32)
we only get 是
风 路 就 自 己 看
比 较 简 然
然 后 很 冷 修 你 有 了 ppl 这 个 是 我 对 做 好 因 为 他 就 是 在 些 啊 很 这 样 啊
这 个 东 西 对 了
--finished 500 sentences (sentence/sec=62.73)
--finished 1000 sentences (sentence/sec=62.71)
--finished 1500 sentences (sentence/sec=63.53)
--finished 2000 sentences (sentence/sec=63.97)
--finished 2500 sentences (sentence/sec=63.95)
--finished 3000 sentences (sentence/sec=63.51)
--finished 3500 sentences (sentence/sec=63.71)
--finished 4000 sentences (sentence/sec=63.99)
--finished 4500 sentences (sentence/sec=63.96)
--finished 5000 sentences (sentence/sec=64.28)
--finished 5500 sentences (sentence/sec=64.33)
--finished 6000 sentences (sentence/sec=64.55)
--finished 6500 sentences (sentence/sec=64.55)
--finished 7000 sentences (sentence/sec=64.77)
--finished 7500 sentences (sentence/sec=64.84)
--finished 8000 sentences (sentence/sec=64.68)
--finished 8500 sentences (sentence/sec=64.73)
--finished 9000 sentences (sentence/sec=64.70)
--finished 9500 sentences (sentence/sec=64.65)
--finished 10000 sentences (sentence/sec=64.85)
--finished 10500 sentences (sentence/sec=64.73)
--finished 11000 sentences (sentence/sec=64.70)
--finished 11500 sentences (sentence/sec=64.64)
--finished 12000 sentences (sentence/sec=64.64)
--finished 12500 sentences (sentence/sec=64.64)
--finished 13000 sentences (sentence/sec=64.61)
--finished 13500 sentences (sentence/sec=64.62)
--finished 14000 sentences (sentence/sec=64.62)
--finished 14500 sentences (sentence/sec=64.50)
--finished 15000 sentences (sentence/sec=64.56)
--finished 15500 sentences (sentence/sec=64.63)
--finished 16000 sentences (sentence/sec=64.62)
--finished 16500 sentences (sentence/sec=64.62)
--finished 17000 sentences (sentence/sec=64.62)
--finished 17500 sentences (sentence/sec=64.55)
--finished 18000 sentences (sentence/sec=64.54)
--finished 18500 sentences (sentence/sec=64.51)
--finished 19000 sentences (sentence/sec=64.55)
--finished 19500 sentences (sentence/sec=64.58)
--finished 20000 sentences (sentence/sec=64.58)
--finished 20500 sentences (sentence/sec=64.58)
--finished 21000 sentences (sentence/sec=64.60)
--finished 21500 sentences (sentence/sec=64.60)
--finished 22000 sentences (sentence/sec=64.68)
--finished 22500 sentences (sentence/sec=64.61)
--finished 23000 sentences (sentence/sec=64.58)
--finished 23500 sentences (sentence/sec=64.53)
--finished 24000 sentences (sentence/sec=64.52)
--finished 24500 sentences (sentence/sec=64.53)
--finished 25000 sentences (sentence/sec=64.53)
--finished 25500 sentences (sentence/sec=64.55)
--finished 26000 sentences (sentence/sec=64.51)
--finished 26500 sentences (sentence/sec=64.52)
--finished 27000 sentences (sentence/sec=64.56)
--finished 27500 sentences (sentence/sec=64.55)
--finished 28000 sentences (sentence/sec=64.57)
--finished 28500 sentences (sentence/sec=64.58)
--finished 29000 sentences (sentence/sec=64.60)
--finished 29500 sentences (sentence/sec=64.61)
--finished 30000 sentences (sentence/sec=64.64)
--finished 30500 sentences (sentence/sec=64.65)
--finished 31000 sentences (sentence/sec=64.65)
--finished 31500 sentences (sentence/sec=64.71)
--finished 32000 sentences (sentence/sec=64.73)
--finished 32500 sentences (sentence/sec=64.75)
--finished 33000 sentences (sentence/sec=64.71)
--finished 33500 sentences (sentence/sec=64.70)
--finished 34000 sentences (sentence/sec=64.69)
--finished 34500 sentences (sentence/sec=64.72)
--finished 35000 sentences (sentence/sec=64.72)
--finished 35500 sentences (sentence/sec=64.67)
--finished 36000 sentences (sentence/sec=64.70)
--finished 36500 sentences (sentence/sec=64.66)
--finished 37000 sentences (sentence/sec=64.70)
--finished 37500 sentences (sentence/sec=64.66)
--finished 38000 sentences (sentence/sec=64.67)
--finished 38500 sentences (sentence/sec=64.68)
--finished 39000 sentences (sentence/sec=64.68)
--finished 39500 sentences (sentence/sec=64.70)
--finished 40000 sentences (sentence/sec=64.73)
--finished 40500 sentences (sentence/sec=64.73)
--finished 41000 sentences (sentence/sec=64.71)
--finished 41500 sentences (sentence/sec=64.71)
--finished 42000 sentences (sentence/sec=64.72)
--finished 42500 sentences (sentence/sec=64.69)
--finished 43000 sentences (sentence/sec=64.70)
--finished 43500 sentences (sentence/sec=64.69)
--finished 44000 sentences (sentence/sec=64.66)
--finished 44500 sentences (sentence/sec=64.66)
--finished 45000 sentences (sentence/sec=64.62)
--finished 45500 sentences (sentence/sec=64.65)
--finished 46000 sentences (sentence/sec=64.67)
--finished 46500 sentences (sentence/sec=64.70)
--finished 47000 sentences (sentence/sec=64.70)
--finished 47500 sentences (sentence/sec=64.70)
--finished 48000 sentences (sentence/sec=64.69)
--finished 48500 sentences (sentence/sec=64.68)
--finished 49000 sentences (sentence/sec=64.69)
--finished 49500 sentences (sentence/sec=64.65)
--finished 50000 sentences (sentence/sec=64.64)
--finished 50500 sentences (sentence/sec=64.66)
--finished 51000 sentences (sentence/sec=64.68)
--finished 51500 sentences (sentence/sec=64.65)
--finished 52000 sentences (sentence/sec=64.65)
--finished 52500 sentences (sentence/sec=64.66)
--finished 53000 sentences (sentence/sec=64.65)
--finished 53500 sentences (sentence/sec=64.63)
--finished 54000 sentences (sentence/sec=64.63)
--finished 54500 sentences (sentence/sec=64.63)
--finished 55000 sentences (sentence/sec=64.64)
--finished 55500 sentences (sentence/sec=64.62)
--finished 56000 sentences (sentence/sec=64.59)
--finished 56500 sentences (sentence/sec=64.59)
--finished 57000 sentences (sentence/sec=64.58)
--finished 57500 sentences (sentence/sec=64.54)
--finished 58000 sentences (sentence/sec=64.54)
--finished 58500 sentences (sentence/sec=64.54)
--finished 59000 sentences (sentence/sec=64.52)
--finished 59500 sentences (sentence/sec=64.52)
--finished 60000 sentences (sentence/sec=64.53)
--finished 60500 sentences (sentence/sec=64.56)
--finished 61000 sentences (sentence/sec=64.57)
--finished 61500 sentences (sentence/sec=64.57)
--finished 62000 sentences (sentence/sec=64.60)
--finished 62500 sentences (sentence/sec=64.59)
--finished 63000 sentences (sentence/sec=64.59)
--finished 63500 sentences (sentence/sec=64.57)
--finished 64000 sentences (sentence/sec=64.56)
--finished 64500 sentences (sentence/sec=64.55)
--finished 65000 sentences (sentence/sec=64.55)
--finished 65500 sentences (sentence/sec=64.56)
--finished 66000 sentences (sentence/sec=64.55)
--finished 66500 sentences (sentence/sec=64.57)
--finished 67000 sentences (sentence/sec=64.59)
--finished 67500 sentences (sentence/sec=64.59)
--finished 68000 sentences (sentence/sec=64.59)
--finished 68500 sentences (sentence/sec=64.61)
--finished 69000 sentences (sentence/sec=64.59)
--finished 69500 sentences (sentence/sec=64.58)
--finished 70000 sentences (sentence/sec=64.59)
--finished 70500 sentences (sentence/sec=64.60)
--finished 71000 sentences (sentence/sec=64.61)
--finished 71500 sentences (sentence/sec=64.52)
--finished 72000 sentences (sentence/sec=63.62)
--finished 72500 sentences (sentence/sec=62.71)
--finished 73000 sentences (sentence/sec=61.85)
--finished 73500 sentences (sentence/sec=61.11)
--finished 74000 sentences (sentence/sec=60.38)
--finished 74500 sentences (sentence/sec=59.60)
--finished 75000 sentences (sentence/sec=58.88)
--finished 75500 sentences (sentence/sec=58.27)
--finished 76000 sentences (sentence/sec=57.65)
--finished 76500 sentences (sentence/sec=56.97)
--finished 77000 sentences (sentence/sec=56.43)
--finished 77500 sentences (sentence/sec=55.82)
--finished 78000 sentences (sentence/sec=55.27)
--finished 78500 sentences (sentence/sec=54.74)
--finished 79000 sentences (sentence/sec=54.21)
--finished 79500 sentences (sentence/sec=53.71)
--finished 80000 sentences (sentence/sec=53.20)
--finished 80500 sentences (sentence/sec=52.72)
--finished 81000 sentences (sentence/sec=52.27)
--finished 81500 sentences (sentence/sec=51.80)
--finished 82000 sentences (sentence/sec=51.35)
--finished 82500 sentences (sentence/sec=50.91)
--finished 83000 sentences (sentence/sec=50.45)
--finished 83500 sentences (sentence/sec=50.00)
--finished 84000 sentences (sentence/sec=49.56)
--finished 84500 sentences (sentence/sec=49.14)
--finished 85000 sentences (sentence/sec=48.75)
--finished 85500 sentences (sentence/sec=48.37)
--finished 86000 sentences (sentence/sec=48.00)
--finished 86500 sentences (sentence/sec=47.61)
--finished 87000 sentences (sentence/sec=47.26)
--finished 87500 sentences (sentence/sec=46.91)
--finished 88000 sentences (sentence/sec=46.56)
--finished 88500 sentences (sentence/sec=46.23)
--finished 89000 sentences (sentence/sec=45.91)
--finished 89500 sentences (sentence/sec=45.59)
--finished 90000 sentences (sentence/sec=45.28)
--finished 90500 sentences (sentence/sec=44.97)
--finished 91000 sentences (sentence/sec=44.65)
--finished 91500 sentences (sentence/sec=44.37)
--finished 92000 sentences (sentence/sec=44.10)
--finished 92500 sentences (sentence/sec=43.82)
--finished 93000 sentences (sentence/sec=43.57)
--finished 93500 sentences (sentence/sec=43.31)
--finished 94000 sentences (sentence/sec=43.05)
--finished 94500 sentences (sentence/sec=42.82)
--finished 95000 sentences (sentence/sec=42.56)
--finished 95500 sentences (sentence/sec=42.32)
--finished 96000 sentences (sentence/sec=42.08)
--finished 96500 sentences (sentence/sec=41.88)
--finished 97000 sentences (sentence/sec=41.66)
--finished 97500 sentences (sentence/sec=41.44)
--finished 98000 sentences (sentence/sec=41.23)
--finished 98500 sentences (sentence/sec=41.03)
--finished 99000 sentences (sentence/sec=40.81)
--finished 99500 sentences (sentence/sec=40.62)
--finished 100000 sentences (sentence/sec=40.40)
--finished 100500 sentences (sentence/sec=40.21)
--finished 101000 sentences (sentence/sec=40.02)
--finished 101500 sentences (sentence/sec=39.83)
--finished 102000 sentences (sentence/sec=39.65)
--finished 102500 sentences (sentence/sec=39.48)
--finished 103000 sentences (sentence/sec=39.30)
--finished 103500 sentences (sentence/sec=39.14)
--finished 104000 sentences (sentence/sec=38.95)
--finished 104500 sentences (sentence/sec=38.80)
--finished 105000 sentences (sentence/sec=38.66)
--finished 105500 sentences (sentence/sec=38.48)
--finished 106000 sentences (sentence/sec=38.32)
--finished 106500 sentences (sentence/sec=38.17)
--finished 107000 sentences (sentence/sec=38.02)
--finished 107500 sentences (sentence/sec=37.88)
--finished 108000 sentences (sentence/sec=37.73)
--finished 108500 sentences (sentence/sec=37.58)
--finished 109000 sentences (sentence/sec=37.43)
--finished 109500 sentences (sentence/sec=37.29)
--finished 110000 sentences (sentence/sec=37.16)
--finished 110500 sentences (sentence/sec=37.03)
--finished 111000 sentences (sentence/sec=36.89)
--finished 111500 sentences (sentence/sec=36.78)
--finished 112000 sentences (sentence/sec=36.65)
--finished 112500 sentences (sentence/sec=36.52)
--finished 113000 sentences (sentence/sec=36.38)
--finished 113500 sentences (sentence/sec=36.26)
--finished 114000 sentences (sentence/sec=36.14)
--finished 114500 sentences (sentence/sec=36.04)
--finished 115000 sentences (sentence/sec=35.91)
--finished 115500 sentences (sentence/sec=35.80)
--finished 116000 sentences (sentence/sec=35.67)
--finished 116500 sentences (sentence/sec=35.56)
--finished 117000 sentences (sentence/sec=35.45)
--finished 117500 sentences (sentence/sec=35.34)
--finished 118000 sentences (sentence/sec=35.25)
--finished 118500 sentences (sentence/sec=35.14)
--finished 119000 sentences (sentence/sec=35.02)
--finished 119500 sentences (sentence/sec=34.92)
--finished 120000 sentences (sentence/sec=34.82)
--finished 120500 sentences (sentence/sec=34.73)
--finished 121000 sentences (sentence/sec=34.64)
--finished 121500 sentences (sentence/sec=34.53)
--finished 122000 sentences (sentence/sec=34.44)
--finished 122500 sentences (sentence/sec=34.34)
--finished 123000 sentences (sentence/sec=34.24)
--finished 123500 sentences (sentence/sec=34.14)
--finished 124000 sentences (sentence/sec=34.05)
--finished 124500 sentences (sentence/sec=33.95)
--finished 125000 sentences (sentence/sec=33.86)
--finished 125500 sentences (sentence/sec=33.83)
--finished 126000 sentences (sentence/sec=33.80)
--finished 126500 sentences (sentence/sec=33.77)
--finished 127000 sentences (sentence/sec=33.73)
--finished 127500 sentences (sentence/sec=33.69)
--finished 128000 sentences (sentence/sec=33.65)
--finished 128500 sentences (sentence/sec=33.61)
--finished 129000 sentences (sentence/sec=33.60)
Epoch 2: train loss/word=0.3528, ppl=1.4231 (word/sec=467.30)
